# JRE version: OpenJDK Runtime Environment (8.0_152-b02) (build 1.8.0_152-release-1024-b02)
# Java VM: OpenJDK 64-Bit Server VM (25.152-b02 mixed mode windows-amd64 compressed oops)
Heap:
 PSYoungGen      total 138752K, used 54009K [0x00000000e0000000, 0x00000000eae80000, 0x0000000100000000)
  eden space 128000K, 42% used [0x00000000e0000000,0x00000000e34be438,0x00000000e7d00000)
  from space 10752K, 0% used [0x00000000e7d00000,0x00000000e7d00000,0x00000000e8780000)
  to   space 13312K, 0% used [0x00000000ea180000,0x00000000ea180000,0x00000000eae80000)
 ParOldGen       total 102400K, used 19732K [0x00000000a0000000, 0x00000000a6400000, 0x00000000e0000000)
  object space 102400K, 19% used [0x00000000a0000000,0x00000000a13453f8,0x00000000a6400000)
 Metaspace       used 40141K, capacity 40858K, committed 41088K, reserved 1085440K
  class space    used 5468K, capacity 5729K, committed 5760K, reserved 1048576K
GC Heap History (10 events):
Event: 2.961 GC heap before
{Heap before GC invocations=5 (full 0):
 PSYoungGen      total 70656K, used 37430K [0x00000000e0000000, 0x00000000e4a00000, 0x0000000100000000)
  eden space 65536K, 49% used [0x00000000e0000000,0x00000000e1f8e2d0,0x00000000e4000000)
  from space 5120K, 99% used [0x00000000e4500000,0x00000000e49ff630,0x00000000e4a00000)
  to   space 5120K, 0% used [0x00000000e4000000,0x00000000e4000000,0x00000000e4500000)
 ParOldGen       total 86016K, used 5690K [0x00000000a0000000, 0x00000000a5400000, 0x00000000e0000000)
  object space 86016K, 6% used [0x00000000a0000000,0x00000000a058e878,0x00000000a5400000)
 Metaspace       used 20719K, capacity 21206K, committed 21248K, reserved 1067008K
  class space    used 2885K, capacity 3055K, committed 3072K, reserved 1048576K
Event: 2.969 GC heap after
Heap after GC invocations=5 (full 0):
 PSYoungGen      total 70656K, used 5117K [0x00000000e0000000, 0x00000000e9600000, 0x0000000100000000)
  eden space 65536K, 0% used [0x00000000e0000000,0x00000000e0000000,0x00000000e4000000)
  from space 5120K, 99% used [0x00000000e4000000,0x00000000e44ff660,0x00000000e4500000)
  to   space 11264K, 0% used [0x00000000e8b00000,0x00000000e8b00000,0x00000000e9600000)
 ParOldGen       total 86016K, used 10000K [0x00000000a0000000, 0x00000000a5400000, 0x00000000e0000000)
  object space 86016K, 11% used [0x00000000a0000000,0x00000000a09c4210,0x00000000a5400000)
 Metaspace       used 20719K, capacity 21206K, committed 21248K, reserved 1067008K
  class space    used 2885K, capacity 3055K, committed 3072K, reserved 1048576K
}
Event: 2.969 GC heap before
{Heap before GC invocations=6 (full 1):
 PSYoungGen      total 70656K, used 5117K [0x00000000e0000000, 0x00000000e9600000, 0x0000000100000000)
  eden space 65536K, 0% used [0x00000000e0000000,0x00000000e0000000,0x00000000e4000000)
  from space 5120K, 99% used [0x00000000e4000000,0x00000000e44ff660,0x00000000e4500000)
  to   space 11264K, 0% used [0x00000000e8b00000,0x00000000e8b00000,0x00000000e9600000)
 ParOldGen       total 86016K, used 10000K [0x00000000a0000000, 0x00000000a5400000, 0x00000000e0000000)
  object space 86016K, 11% used [0x00000000a0000000,0x00000000a09c4210,0x00000000a5400000)
 Metaspace       used 20719K, capacity 21206K, committed 21248K, reserved 1067008K
  class space    used 2885K, capacity 3055K, committed 3072K, reserved 1048576K
Event: 3.005 GC heap after
Heap after GC invocations=6 (full 1):
 PSYoungGen      total 70656K, used 0K [0x00000000e0000000, 0x00000000e9600000, 0x0000000100000000)
  eden space 65536K, 0% used [0x00000000e0000000,0x00000000e0000000,0x00000000e4000000)
  from space 5120K, 0% used [0x00000000e4000000,0x00000000e4000000,0x00000000e4500000)
  to   space 11264K, 0% used [0x00000000e8b00000,0x00000000e8b00000,0x00000000e9600000)
 ParOldGen       total 63488K, used 9798K [0x00000000a0000000, 0x00000000a3e00000, 0x00000000e0000000)
  object space 63488K, 15% used [0x00000000a0000000,0x00000000a0991b90,0x00000000a3e00000)
 Metaspace       used 20719K, capacity 21206K, committed 21248K, reserved 1067008K
  class space    used 2885K, capacity 3055K, committed 3072K, reserved 1048576K
}
Event: 3.928 GC heap before
{Heap before GC invocations=7 (full 1):
 PSYoungGen      total 70656K, used 65536K [0x00000000e0000000, 0x00000000e9600000, 0x0000000100000000)
  eden space 65536K, 100% used [0x00000000e0000000,0x00000000e4000000,0x00000000e4000000)
  from space 5120K, 0% used [0x00000000e4000000,0x00000000e4000000,0x00000000e4500000)
  to   space 11264K, 0% used [0x00000000e8b00000,0x00000000e8b00000,0x00000000e9600000)
 ParOldGen       total 63488K, used 9798K [0x00000000a0000000, 0x00000000a3e00000, 0x00000000e0000000)
  object space 63488K, 15% used [0x00000000a0000000,0x00000000a0991b90,0x00000000a3e00000)
 Metaspace       used 27230K, capacity 27748K, committed 28032K, reserved 1073152K
  class space    used 3727K, capacity 3906K, committed 3968K, reserved 1048576K
Event: 3.941 GC heap after
Heap after GC invocations=7 (full 1):
 PSYoungGen      total 108032K, used 7093K [0x00000000e0000000, 0x00000000e9200000, 0x0000000100000000)
  eden space 100864K, 0% used [0x00000000e0000000,0x00000000e0000000,0x00000000e6280000)
  from space 7168K, 98% used [0x00000000e8b00000,0x00000000e91ed440,0x00000000e9200000)
  to   space 10752K, 0% used [0x00000000e7d00000,0x00000000e7d00000,0x00000000e8780000)
 ParOldGen       total 63488K, used 9806K [0x00000000a0000000, 0x00000000a3e00000, 0x00000000e0000000)
  object space 63488K, 15% used [0x00000000a0000000,0x00000000a0993b90,0x00000000a3e00000)
 Metaspace       used 27230K, capacity 27748K, committed 28032K, reserved 1073152K
  class space    used 3727K, capacity 3906K, committed 3968K, reserved 1048576K
}
Event: 5.197 GC heap before
{Heap before GC invocations=8 (full 1):
 PSYoungGen      total 108032K, used 105694K [0x00000000e0000000, 0x00000000e9200000, 0x0000000100000000)
  eden space 100864K, 97% used [0x00000000e0000000,0x00000000e604a448,0x00000000e6280000)
  from space 7168K, 98% used [0x00000000e8b00000,0x00000000e91ed440,0x00000000e9200000)
  to   space 10752K, 0% used [0x00000000e7d00000,0x00000000e7d00000,0x00000000e8780000)
 ParOldGen       total 63488K, used 9806K [0x00000000a0000000, 0x00000000a3e00000, 0x00000000e0000000)
  object space 63488K, 15% used [0x00000000a0000000,0x00000000a0993b90,0x00000000a3e00000)
 Metaspace       used 34694K, capacity 35314K, committed 35416K, reserved 1079296K
  class space    used 4835K, capacity 5063K, committed 5120K, reserved 1048576K
Event: 5.208 GC heap after
Heap after GC invocations=8 (full 1):
 PSYoungGen      total 138752K, used 10732K [0x00000000e0000000, 0x00000000eae80000, 0x0000000100000000)
  eden space 128000K, 0% used [0x00000000e0000000,0x00000000e0000000,0x00000000e7d00000)
  from space 10752K, 99% used [0x00000000e7d00000,0x00000000e877b0d8,0x00000000e8780000)
  to   space 13312K, 0% used [0x00000000ea180000,0x00000000ea180000,0x00000000eae80000)
 ParOldGen       total 63488K, used 12014K [0x00000000a0000000, 0x00000000a3e00000, 0x00000000e0000000)
  object space 63488K, 18% used [0x00000000a0000000,0x00000000a0bbba70,0x00000000a3e00000)
 Metaspace       used 34694K, capacity 35314K, committed 35416K, reserved 1079296K
  class space    used 4835K, capacity 5063K, committed 5120K, reserved 1048576K
}
Event: 5.208 GC heap before
{Heap before GC invocations=9 (full 2):
 PSYoungGen      total 138752K, used 10732K [0x00000000e0000000, 0x00000000eae80000, 0x0000000100000000)
  eden space 128000K, 0% used [0x00000000e0000000,0x00000000e0000000,0x00000000e7d00000)
  from space 10752K, 99% used [0x00000000e7d00000,0x00000000e877b0d8,0x00000000e8780000)
  to   space 13312K, 0% used [0x00000000ea180000,0x00000000ea180000,0x00000000eae80000)
 ParOldGen       total 63488K, used 12014K [0x00000000a0000000, 0x00000000a3e00000, 0x00000000e0000000)
  object space 63488K, 18% used [0x00000000a0000000,0x00000000a0bbba70,0x00000000a3e00000)
 Metaspace       used 34694K, capacity 35314K, committed 35416K, reserved 1079296K
  class space    used 4835K, capacity 5063K, committed 5120K, reserved 1048576K
Event: 5.267 GC heap after
Heap after GC invocations=9 (full 2):
 PSYoungGen      total 138752K, used 0K [0x00000000e0000000, 0x00000000eae80000, 0x0000000100000000)
  eden space 128000K, 0% used [0x00000000e0000000,0x00000000e0000000,0x00000000e7d00000)
  from space 10752K, 0% used [0x00000000e7d00000,0x00000000e7d00000,0x00000000e8780000)
  to   space 13312K, 0% used [0x00000000ea180000,0x00000000ea180000,0x00000000eae80000)
 ParOldGen       total 102400K, used 19732K [0x00000000a0000000, 0x00000000a6400000, 0x00000000e0000000)
  object space 102400K, 19% used [0x00000000a0000000,0x00000000a13453f8,0x00000000a6400000)
 Metaspace       used 34694K, capacity 35314K, committed 35416K, reserved 1079296K
  class space    used 4835K, capacity 5063K, committed 5120K, reserved 1048576K
}

