# JRE version: OpenJDK Runtime Environment (8.0_152-b02) (build 1.8.0_152-release-1024-b02)
# Java VM: OpenJDK 64-Bit Server VM (25.152-b02 mixed mode windows-amd64 compressed oops)
Heap:
 PSYoungGen      total 114688K, used 26730K [0x00000000e0000000, 0x00000000eb700000, 0x0000000100000000)
  eden space 102912K, 25% used [0x00000000e0000000,0x00000000e1a1a800,0x00000000e6480000)
  from space 11776K, 0% used [0x00000000e6480000,0x00000000e6480000,0x00000000e7000000)
  to   space 12288K, 0% used [0x00000000eab00000,0x00000000eab00000,0x00000000eb700000)
 ParOldGen       total 99840K, used 16447K [0x00000000a0000000, 0x00000000a6180000, 0x00000000e0000000)
  object space 99840K, 16% used [0x00000000a0000000,0x00000000a100fc40,0x00000000a6180000)
 Metaspace       used 38398K, capacity 39100K, committed 39296K, reserved 1083392K
  class space    used 5260K, capacity 5468K, committed 5504K, reserved 1048576K
GC Heap History (10 events):
Event: 3.590 GC heap before
{Heap before GC invocations=5 (full 1):
 PSYoungGen      total 70656K, used 5105K [0x00000000e0000000, 0x00000000e8a00000, 0x0000000100000000)
  eden space 65536K, 0% used [0x00000000e0000000,0x00000000e0000000,0x00000000e4000000)
  from space 5120K, 99% used [0x00000000e4500000,0x00000000e49fc650,0x00000000e4a00000)
  to   space 5120K, 0% used [0x00000000e4000000,0x00000000e4000000,0x00000000e4500000)
 ParOldGen       total 86016K, used 10440K [0x00000000a0000000, 0x00000000a5400000, 0x00000000e0000000)
  object space 86016K, 12% used [0x00000000a0000000,0x00000000a0a323c8,0x00000000a5400000)
 Metaspace       used 20707K, capacity 21206K, committed 21248K, reserved 1067008K
  class space    used 2885K, capacity 3055K, committed 3072K, reserved 1048576K
Event: 3.622 GC heap after
Heap after GC invocations=5 (full 1):
 PSYoungGen      total 70656K, used 0K [0x00000000e0000000, 0x00000000e8a00000, 0x0000000100000000)
  eden space 65536K, 0% used [0x00000000e0000000,0x00000000e0000000,0x00000000e4000000)
  from space 5120K, 0% used [0x00000000e4500000,0x00000000e4500000,0x00000000e4a00000)
  to   space 5120K, 0% used [0x00000000e4000000,0x00000000e4000000,0x00000000e4500000)
 ParOldGen       total 65024K, used 10058K [0x00000000a0000000, 0x00000000a3f80000, 0x00000000e0000000)
  object space 65024K, 15% used [0x00000000a0000000,0x00000000a09d2838,0x00000000a3f80000)
 Metaspace       used 20707K, capacity 21206K, committed 21248K, reserved 1067008K
  class space    used 2885K, capacity 3055K, committed 3072K, reserved 1048576K
}
Event: 4.570 GC heap before
{Heap before GC invocations=6 (full 1):
 PSYoungGen      total 70656K, used 65536K [0x00000000e0000000, 0x00000000e8a00000, 0x0000000100000000)
  eden space 65536K, 100% used [0x00000000e0000000,0x00000000e4000000,0x00000000e4000000)
  from space 5120K, 0% used [0x00000000e4500000,0x00000000e4500000,0x00000000e4a00000)
  to   space 5120K, 0% used [0x00000000e4000000,0x00000000e4000000,0x00000000e4500000)
 ParOldGen       total 65024K, used 10058K [0x00000000a0000000, 0x00000000a3f80000, 0x00000000e0000000)
  object space 65024K, 15% used [0x00000000a0000000,0x00000000a09d2838,0x00000000a3f80000)
 Metaspace       used 27205K, capacity 27748K, committed 28032K, reserved 1073152K
  class space    used 3726K, capacity 3906K, committed 3968K, reserved 1048576K
Event: 4.582 GC heap after
Heap after GC invocations=6 (full 1):
 PSYoungGen      total 70656K, used 5114K [0x00000000e0000000, 0x00000000e7b80000, 0x0000000100000000)
  eden space 65536K, 0% used [0x00000000e0000000,0x00000000e0000000,0x00000000e4000000)
  from space 5120K, 99% used [0x00000000e4000000,0x00000000e44fea70,0x00000000e4500000)
  to   space 11776K, 0% used [0x00000000e7000000,0x00000000e7000000,0x00000000e7b80000)
 ParOldGen       total 65024K, used 11986K [0x00000000a0000000, 0x00000000a3f80000, 0x00000000e0000000)
  object space 65024K, 18% used [0x00000000a0000000,0x00000000a0bb4ad8,0x00000000a3f80000)
 Metaspace       used 27205K, capacity 27748K, committed 28032K, reserved 1073152K
  class space    used 3726K, capacity 3906K, committed 3968K, reserved 1048576K
}
Event: 5.338 GC heap before
{Heap before GC invocations=7 (full 1):
 PSYoungGen      total 70656K, used 70650K [0x00000000e0000000, 0x00000000e7b80000, 0x0000000100000000)
  eden space 65536K, 100% used [0x00000000e0000000,0x00000000e4000000,0x00000000e4000000)
  from space 5120K, 99% used [0x00000000e4000000,0x00000000e44fea70,0x00000000e4500000)
  to   space 11776K, 0% used [0x00000000e7000000,0x00000000e7000000,0x00000000e7b80000)
 ParOldGen       total 65024K, used 11986K [0x00000000a0000000, 0x00000000a3f80000, 0x00000000e0000000)
  object space 65024K, 18% used [0x00000000a0000000,0x00000000a0bb4ad8,0x00000000a3f80000)
 Metaspace       used 30609K, capacity 31088K, committed 31360K, reserved 1077248K
  class space    used 4255K, capacity 4421K, committed 4480K, reserved 1048576K
Event: 5.349 GC heap after
Heap after GC invocations=7 (full 1):
 PSYoungGen      total 114688K, used 8384K [0x00000000e0000000, 0x00000000e7c00000, 0x0000000100000000)
  eden space 102912K, 0% used [0x00000000e0000000,0x00000000e0000000,0x00000000e6480000)
  from space 11776K, 71% used [0x00000000e7000000,0x00000000e78300b8,0x00000000e7b80000)
  to   space 11776K, 0% used [0x00000000e6480000,0x00000000e6480000,0x00000000e7000000)
 ParOldGen       total 65024K, used 11994K [0x00000000a0000000, 0x00000000a3f80000, 0x00000000e0000000)
  object space 65024K, 18% used [0x00000000a0000000,0x00000000a0bb6ad8,0x00000000a3f80000)
 Metaspace       used 30609K, capacity 31088K, committed 31360K, reserved 1077248K
  class space    used 4255K, capacity 4421K, committed 4480K, reserved 1048576K
}
Event: 5.966 GC heap before
{Heap before GC invocations=8 (full 1):
 PSYoungGen      total 114688K, used 40862K [0x00000000e0000000, 0x00000000e7c00000, 0x0000000100000000)
  eden space 102912K, 31% used [0x00000000e0000000,0x00000000e1fb7860,0x00000000e6480000)
  from space 11776K, 71% used [0x00000000e7000000,0x00000000e78300b8,0x00000000e7b80000)
  to   space 11776K, 0% used [0x00000000e6480000,0x00000000e6480000,0x00000000e7000000)
 ParOldGen       total 65024K, used 11994K [0x00000000a0000000, 0x00000000a3f80000, 0x00000000e0000000)
  object space 65024K, 18% used [0x00000000a0000000,0x00000000a0bb6ad8,0x00000000a3f80000)
 Metaspace       used 34661K, capacity 35314K, committed 35416K, reserved 1079296K
  class space    used 4836K, capacity 5063K, committed 5120K, reserved 1048576K
Event: 5.974 GC heap after
Heap after GC invocations=8 (full 1):
 PSYoungGen      total 114688K, used 9446K [0x00000000e0000000, 0x00000000eb700000, 0x0000000100000000)
  eden space 102912K, 0% used [0x00000000e0000000,0x00000000e0000000,0x00000000e6480000)
  from space 11776K, 80% used [0x00000000e6480000,0x00000000e6db9b38,0x00000000e7000000)
  to   space 12288K, 0% used [0x00000000eab00000,0x00000000eab00000,0x00000000eb700000)
 ParOldGen       total 65024K, used 12002K [0x00000000a0000000, 0x00000000a3f80000, 0x00000000e0000000)
  object space 65024K, 18% used [0x00000000a0000000,0x00000000a0bb8ad8,0x00000000a3f80000)
 Metaspace       used 34661K, capacity 35314K, committed 35416K, reserved 1079296K
  class space    used 4836K, capacity 5063K, committed 5120K, reserved 1048576K
}
Event: 5.974 GC heap before
{Heap before GC invocations=9 (full 2):
 PSYoungGen      total 114688K, used 9446K [0x00000000e0000000, 0x00000000eb700000, 0x0000000100000000)
  eden space 102912K, 0% used [0x00000000e0000000,0x00000000e0000000,0x00000000e6480000)
  from space 11776K, 80% used [0x00000000e6480000,0x00000000e6db9b38,0x00000000e7000000)
  to   space 12288K, 0% used [0x00000000eab00000,0x00000000eab00000,0x00000000eb700000)
 ParOldGen       total 65024K, used 12002K [0x00000000a0000000, 0x00000000a3f80000, 0x00000000e0000000)
  object space 65024K, 18% used [0x00000000a0000000,0x00000000a0bb8ad8,0x00000000a3f80000)
 Metaspace       used 34661K, capacity 35314K, committed 35416K, reserved 1079296K
  class space    used 4836K, capacity 5063K, committed 5120K, reserved 1048576K
Event: 6.046 GC heap after
Heap after GC invocations=9 (full 2):
 PSYoungGen      total 114688K, used 0K [0x00000000e0000000, 0x00000000eb700000, 0x0000000100000000)
  eden space 102912K, 0% used [0x00000000e0000000,0x00000000e0000000,0x00000000e6480000)
  from space 11776K, 0% used [0x00000000e6480000,0x00000000e6480000,0x00000000e7000000)
  to   space 12288K, 0% used [0x00000000eab00000,0x00000000eab00000,0x00000000eb700000)
 ParOldGen       total 99840K, used 16447K [0x00000000a0000000, 0x00000000a6180000, 0x00000000e0000000)
  object space 99840K, 16% used [0x00000000a0000000,0x00000000a100fc40,0x00000000a6180000)
 Metaspace       used 34661K, capacity 35314K, committed 35416K, reserved 1079296K
  class space    used 4836K, capacity 5063K, committed 5120K, reserved 1048576K
}

