# JRE version: OpenJDK Runtime Environment (8.0_152-b02) (build 1.8.0_152-release-1024-b02)
# Java VM: OpenJDK 64-Bit Server VM (25.152-b02 mixed mode windows-amd64 compressed oops)
Heap:
 PSYoungGen      total 211968K, used 27629K [0x00000000e0000000, 0x00000000f1f00000, 0x0000000100000000)
  eden space 191488K, 3% used [0x00000000e0000000,0x00000000e0700628,0x00000000ebb00000)
  from space 20480K, 99% used [0x00000000ebb00000,0x00000000ecefb018,0x00000000ecf00000)
  to   space 23552K, 0% used [0x00000000f0800000,0x00000000f0800000,0x00000000f1f00000)
 ParOldGen       total 82432K, used 36953K [0x00000000a0000000, 0x00000000a5080000, 0x00000000e0000000)
  object space 82432K, 44% used [0x00000000a0000000,0x00000000a24164f0,0x00000000a5080000)
 Metaspace       used 66218K, capacity 67912K, committed 68224K, reserved 1107968K
  class space    used 8840K, capacity 9297K, committed 9344K, reserved 1048576K
GC Heap History (10 events):
Event: 5.756 GC heap before
{Heap before GC invocations=10 (full 2):
 PSYoungGen      total 152064K, used 7328K [0x00000000e0000000, 0x00000000ef380000, 0x0000000100000000)
  eden space 139264K, 0% used [0x00000000e0000000,0x00000000e0000000,0x00000000e8800000)
  from space 12800K, 57% used [0x00000000e9400000,0x00000000e9b28398,0x00000000ea080000)
  to   space 12288K, 0% used [0x00000000e8800000,0x00000000e8800000,0x00000000e9400000)
 ParOldGen       total 64512K, used 11689K [0x00000000a0000000, 0x00000000a3f00000, 0x00000000e0000000)
  object space 64512K, 18% used [0x00000000a0000000,0x00000000a0b6a6d0,0x00000000a3f00000)
 Metaspace       used 34694K, capacity 35314K, committed 35416K, reserved 1079296K
  class space    used 4834K, capacity 5063K, committed 5120K, reserved 1048576K
Event: 5.809 GC heap after
Heap after GC invocations=10 (full 2):
 PSYoungGen      total 152064K, used 0K [0x00000000e0000000, 0x00000000ef380000, 0x0000000100000000)
  eden space 139264K, 0% used [0x00000000e0000000,0x00000000e0000000,0x00000000e8800000)
  from space 12800K, 0% used [0x00000000e9400000,0x00000000e9400000,0x00000000ea080000)
  to   space 12288K, 0% used [0x00000000e8800000,0x00000000e8800000,0x00000000e9400000)
 ParOldGen       total 82432K, used 14377K [0x00000000a0000000, 0x00000000a5080000, 0x00000000e0000000)
  object space 82432K, 17% used [0x00000000a0000000,0x00000000a0e0a668,0x00000000a5080000)
 Metaspace       used 34694K, capacity 35314K, committed 35416K, reserved 1079296K
  class space    used 4834K, capacity 5063K, committed 5120K, reserved 1048576K
}
Event: 7.702 GC heap before
{Heap before GC invocations=11 (full 2):
 PSYoungGen      total 152064K, used 139264K [0x00000000e0000000, 0x00000000ef380000, 0x0000000100000000)
  eden space 139264K, 100% used [0x00000000e0000000,0x00000000e8800000,0x00000000e8800000)
  from space 12800K, 0% used [0x00000000e9400000,0x00000000e9400000,0x00000000ea080000)
  to   space 12288K, 0% used [0x00000000e8800000,0x00000000e8800000,0x00000000e9400000)
 ParOldGen       total 82432K, used 14377K [0x00000000a0000000, 0x00000000a5080000, 0x00000000e0000000)
  object space 82432K, 17% used [0x00000000a0000000,0x00000000a0e0a668,0x00000000a5080000)
 Metaspace       used 47884K, capacity 48734K, committed 49024K, reserved 1091584K
  class space    used 6471K, capacity 6750K, committed 6784K, reserved 1048576K
Event: 7.716 GC heap after
Heap after GC invocations=11 (full 2):
 PSYoungGen      total 151552K, used 12258K [0x00000000e0000000, 0x00000000ede80000, 0x0000000100000000)
  eden space 139264K, 0% used [0x00000000e0000000,0x00000000e0000000,0x00000000e8800000)
  from space 12288K, 99% used [0x00000000e8800000,0x00000000e93f8928,0x00000000e9400000)
  to   space 15872K, 0% used [0x00000000ecf00000,0x00000000ecf00000,0x00000000ede80000)
 ParOldGen       total 82432K, used 20008K [0x00000000a0000000, 0x00000000a5080000, 0x00000000e0000000)
  object space 82432K, 24% used [0x00000000a0000000,0x00000000a138a0f0,0x00000000a5080000)
 Metaspace       used 47884K, capacity 48734K, committed 49024K, reserved 1091584K
  class space    used 6471K, capacity 6750K, committed 6784K, reserved 1048576K
}
Event: 9.255 GC heap before
{Heap before GC invocations=12 (full 2):
 PSYoungGen      total 151552K, used 128767K [0x00000000e0000000, 0x00000000ede80000, 0x0000000100000000)
  eden space 139264K, 83% used [0x00000000e0000000,0x00000000e71c7608,0x00000000e8800000)
  from space 12288K, 99% used [0x00000000e8800000,0x00000000e93f8928,0x00000000e9400000)
  to   space 15872K, 0% used [0x00000000ecf00000,0x00000000ecf00000,0x00000000ede80000)
 ParOldGen       total 82432K, used 20008K [0x00000000a0000000, 0x00000000a5080000, 0x00000000e0000000)
  object space 82432K, 24% used [0x00000000a0000000,0x00000000a138a0f0,0x00000000a5080000)
 Metaspace       used 57318K, capacity 58946K, committed 59008K, reserved 1099776K
  class space    used 7850K, capacity 8294K, committed 8320K, reserved 1048576K
Event: 9.273 GC heap after
Heap after GC invocations=12 (full 2):
 PSYoungGen      total 207360K, used 15841K [0x00000000e0000000, 0x00000000ee400000, 0x0000000100000000)
  eden space 191488K, 0% used [0x00000000e0000000,0x00000000e0000000,0x00000000ebb00000)
  from space 15872K, 99% used [0x00000000ecf00000,0x00000000ede786e8,0x00000000ede80000)
  to   space 20480K, 0% used [0x00000000ebb00000,0x00000000ebb00000,0x00000000ecf00000)
 ParOldGen       total 82432K, used 26293K [0x00000000a0000000, 0x00000000a5080000, 0x00000000e0000000)
  object space 82432K, 31% used [0x00000000a0000000,0x00000000a19ad7a8,0x00000000a5080000)
 Metaspace       used 57318K, capacity 58946K, committed 59008K, reserved 1099776K
  class space    used 7850K, capacity 8294K, committed 8320K, reserved 1048576K
}
Event: 9.273 GC heap before
{Heap before GC invocations=13 (full 3):
 PSYoungGen      total 207360K, used 15841K [0x00000000e0000000, 0x00000000ee400000, 0x0000000100000000)
  eden space 191488K, 0% used [0x00000000e0000000,0x00000000e0000000,0x00000000ebb00000)
  from space 15872K, 99% used [0x00000000ecf00000,0x00000000ede786e8,0x00000000ede80000)
  to   space 20480K, 0% used [0x00000000ebb00000,0x00000000ebb00000,0x00000000ecf00000)
 ParOldGen       total 82432K, used 26293K [0x00000000a0000000, 0x00000000a5080000, 0x00000000e0000000)
  object space 82432K, 31% used [0x00000000a0000000,0x00000000a19ad7a8,0x00000000a5080000)
 Metaspace       used 57318K, capacity 58946K, committed 59008K, reserved 1099776K
  class space    used 7850K, capacity 8294K, committed 8320K, reserved 1048576K
Event: 9.430 GC heap after
Heap after GC invocations=13 (full 3):
 PSYoungGen      total 207360K, used 0K [0x00000000e0000000, 0x00000000ee400000, 0x0000000100000000)
  eden space 191488K, 0% used [0x00000000e0000000,0x00000000e0000000,0x00000000ebb00000)
  from space 15872K, 0% used [0x00000000ecf00000,0x00000000ecf00000,0x00000000ede80000)
  to   space 20480K, 0% used [0x00000000ebb00000,0x00000000ebb00000,0x00000000ecf00000)
 ParOldGen       total 82432K, used 35532K [0x00000000a0000000, 0x00000000a5080000, 0x00000000e0000000)
  object space 82432K, 43% used [0x00000000a0000000,0x00000000a22b32a0,0x00000000a5080000)
 Metaspace       used 57318K, capacity 58946K, committed 59008K, reserved 1099776K
  class space    used 7850K, capacity 8294K, committed 8320K, reserved 1048576K
}
Event: 14.390 GC heap before
{Heap before GC invocations=14 (full 3):
 PSYoungGen      total 207360K, used 191488K [0x00000000e0000000, 0x00000000ee400000, 0x0000000100000000)
  eden space 191488K, 100% used [0x00000000e0000000,0x00000000ebb00000,0x00000000ebb00000)
  from space 15872K, 0% used [0x00000000ecf00000,0x00000000ecf00000,0x00000000ede80000)
  to   space 20480K, 0% used [0x00000000ebb00000,0x00000000ebb00000,0x00000000ecf00000)
 ParOldGen       total 82432K, used 35532K [0x00000000a0000000, 0x00000000a5080000, 0x00000000e0000000)
  object space 82432K, 43% used [0x00000000a0000000,0x00000000a22b32a0,0x00000000a5080000)
 Metaspace       used 65661K, capacity 67368K, committed 67712K, reserved 1107968K
  class space    used 8820K, capacity 9265K, committed 9344K, reserved 1048576K
Event: 14.414 GC heap after
Heap after GC invocations=14 (full 3):
 PSYoungGen      total 211968K, used 20460K [0x00000000e0000000, 0x00000000f1f00000, 0x0000000100000000)
  eden space 191488K, 0% used [0x00000000e0000000,0x00000000e0000000,0x00000000ebb00000)
  from space 20480K, 99% used [0x00000000ebb00000,0x00000000ecefb018,0x00000000ecf00000)
  to   space 23552K, 0% used [0x00000000f0800000,0x00000000f0800000,0x00000000f1f00000)
 ParOldGen       total 82432K, used 36953K [0x00000000a0000000, 0x00000000a5080000, 0x00000000e0000000)
  object space 82432K, 44% used [0x00000000a0000000,0x00000000a24164f0,0x00000000a5080000)
 Metaspace       used 65661K, capacity 67368K, committed 67712K, reserved 1107968K
  class space    used 8820K, capacity 9265K, committed 9344K, reserved 1048576K
}

