# JRE version: OpenJDK Runtime Environment (8.0_152-b02) (build 1.8.0_152-release-1024-b02)
# Java VM: OpenJDK 64-Bit Server VM (25.152-b02 mixed mode windows-amd64 compressed oops)
Heap:
 PSYoungGen      total 472064K, used 22222K [0x00000000e0000000, 0x00000000fe980000, 0x0000000100000000)
  eden space 442880K, 1% used [0x00000000e0000000,0x00000000e06c9b10,0x00000000fb080000)
  from space 29184K, 52% used [0x00000000fb080000,0x00000000fbf6a080,0x00000000fcd00000)
  to   space 25088K, 0% used [0x00000000fd100000,0x00000000fd100000,0x00000000fe980000)
 ParOldGen       total 208384K, used 70836K [0x00000000a0000000, 0x00000000acb80000, 0x00000000e0000000)
  object space 208384K, 33% used [0x00000000a0000000,0x00000000a452d238,0x00000000acb80000)
 Metaspace       used 105976K, capacity 112488K, committed 112576K, reserved 1146880K
  class space    used 13271K, capacity 14492K, committed 14528K, reserved 1048576K
GC Heap History (10 events):
Event: 1114.889 GC heap before
{Heap before GC invocations=29 (full 4):
 PSYoungGen      total 441856K, used 430685K [0x00000000e0000000, 0x00000000fda80000, 0x0000000100000000)
  eden space 417280K, 99% used [0x00000000e0000000,0x00000000f975ba88,0x00000000f9780000)
  from space 24576K, 55% used [0x00000000fc280000,0x00000000fcfbbbd0,0x00000000fda80000)
  to   space 34304K, 0% used [0x00000000f9780000,0x00000000f9780000,0x00000000fb900000)
 ParOldGen       total 208384K, used 70796K [0x00000000a0000000, 0x00000000acb80000, 0x00000000e0000000)
  object space 208384K, 33% used [0x00000000a0000000,0x00000000a4523238,0x00000000acb80000)
 Metaspace       used 102964K, capacity 107680K, committed 107840K, reserved 1142784K
  class space    used 12874K, capacity 13846K, committed 13888K, reserved 1048576K
Event: 1114.916 GC heap after
Heap after GC invocations=29 (full 4):
 PSYoungGen      total 451584K, used 16826K [0x00000000e0000000, 0x00000000feb80000, 0x0000000100000000)
  eden space 417280K, 0% used [0x00000000e0000000,0x00000000e0000000,0x00000000f9780000)
  from space 34304K, 49% used [0x00000000f9780000,0x00000000fa7eeaa0,0x00000000fb900000)
  to   space 33280K, 0% used [0x00000000fcb00000,0x00000000fcb00000,0x00000000feb80000)
 ParOldGen       total 208384K, used 70804K [0x00000000a0000000, 0x00000000acb80000, 0x00000000e0000000)
  object space 208384K, 33% used [0x00000000a0000000,0x00000000a4525238,0x00000000acb80000)
 Metaspace       used 102964K, capacity 107680K, committed 107840K, reserved 1142784K
  class space    used 12874K, capacity 13846K, committed 13888K, reserved 1048576K
}
Event: 1166.637 GC heap before
{Heap before GC invocations=30 (full 4):
 PSYoungGen      total 451584K, used 433877K [0x00000000e0000000, 0x00000000feb80000, 0x0000000100000000)
  eden space 417280K, 99% used [0x00000000e0000000,0x00000000f9746c58,0x00000000f9780000)
  from space 34304K, 49% used [0x00000000f9780000,0x00000000fa7eeaa0,0x00000000fb900000)
  to   space 33280K, 0% used [0x00000000fcb00000,0x00000000fcb00000,0x00000000feb80000)
 ParOldGen       total 208384K, used 70804K [0x00000000a0000000, 0x00000000acb80000, 0x00000000e0000000)
  object space 208384K, 33% used [0x00000000a0000000,0x00000000a4525238,0x00000000acb80000)
 Metaspace       used 104053K, capacity 109028K, committed 109376K, reserved 1144832K
  class space    used 13020K, capacity 14046K, committed 14144K, reserved 1048576K
Event: 1166.657 GC heap after
Heap after GC invocations=30 (full 4):
 PSYoungGen      total 458752K, used 11745K [0x00000000e0000000, 0x00000000fe480000, 0x0000000100000000)
  eden space 432640K, 0% used [0x00000000e0000000,0x00000000e0000000,0x00000000fa680000)
  from space 26112K, 44% used [0x00000000fcb00000,0x00000000fd678408,0x00000000fe480000)
  to   space 31744K, 0% used [0x00000000fa680000,0x00000000fa680000,0x00000000fc580000)
 ParOldGen       total 208384K, used 70812K [0x00000000a0000000, 0x00000000acb80000, 0x00000000e0000000)
  object space 208384K, 33% used [0x00000000a0000000,0x00000000a4527238,0x00000000acb80000)
 Metaspace       used 104053K, capacity 109028K, committed 109376K, reserved 1144832K
  class space    used 13020K, capacity 14046K, committed 14144K, reserved 1048576K
}
Event: 1196.670 GC heap before
{Heap before GC invocations=31 (full 4):
 PSYoungGen      total 458752K, used 444385K [0x00000000e0000000, 0x00000000fe480000, 0x0000000100000000)
  eden space 432640K, 100% used [0x00000000e0000000,0x00000000fa680000,0x00000000fa680000)
  from space 26112K, 44% used [0x00000000fcb00000,0x00000000fd678408,0x00000000fe480000)
  to   space 31744K, 0% used [0x00000000fa680000,0x00000000fa680000,0x00000000fc580000)
 ParOldGen       total 208384K, used 70812K [0x00000000a0000000, 0x00000000acb80000, 0x00000000e0000000)
  object space 208384K, 33% used [0x00000000a0000000,0x00000000a4527238,0x00000000acb80000)
 Metaspace       used 104296K, capacity 109210K, committed 109376K, reserved 1144832K
  class space    used 13026K, capacity 14055K, committed 14144K, reserved 1048576K
Event: 1196.681 GC heap after
Heap after GC invocations=31 (full 4):
 PSYoungGen      total 464384K, used 11417K [0x00000000e0000000, 0x00000000fef00000, 0x0000000100000000)
  eden space 432640K, 0% used [0x00000000e0000000,0x00000000e0000000,0x00000000fa680000)
  from space 31744K, 35% used [0x00000000fa680000,0x00000000fb1a6740,0x00000000fc580000)
  to   space 30720K, 0% used [0x00000000fd100000,0x00000000fd100000,0x00000000fef00000)
 ParOldGen       total 208384K, used 70820K [0x00000000a0000000, 0x00000000acb80000, 0x00000000e0000000)
  object space 208384K, 33% used [0x00000000a0000000,0x00000000a4529238,0x00000000acb80000)
 Metaspace       used 104296K, capacity 109210K, committed 109376K, reserved 1144832K
  class space    used 13026K, capacity 14055K, committed 14144K, reserved 1048576K
}
Event: 1384.417 GC heap before
{Heap before GC invocations=32 (full 4):
 PSYoungGen      total 464384K, used 443232K [0x00000000e0000000, 0x00000000fef00000, 0x0000000100000000)
  eden space 432640K, 99% used [0x00000000e0000000,0x00000000fa5b19e8,0x00000000fa680000)
  from space 31744K, 35% used [0x00000000fa680000,0x00000000fb1a6740,0x00000000fc580000)
  to   space 30720K, 0% used [0x00000000fd100000,0x00000000fd100000,0x00000000fef00000)
 ParOldGen       total 208384K, used 70820K [0x00000000a0000000, 0x00000000acb80000, 0x00000000e0000000)
  object space 208384K, 33% used [0x00000000a0000000,0x00000000a4529238,0x00000000acb80000)
 Metaspace       used 104615K, capacity 109892K, committed 110144K, reserved 1144832K
  class space    used 13066K, capacity 14126K, committed 14144K, reserved 1048576K
Event: 1384.435 GC heap after
Heap after GC invocations=32 (full 4):
 PSYoungGen      total 467968K, used 14834K [0x00000000e0000000, 0x00000000fe980000, 0x0000000100000000)
  eden space 442880K, 0% used [0x00000000e0000000,0x00000000e0000000,0x00000000fb080000)
  from space 25088K, 59% used [0x00000000fd100000,0x00000000fdf7cae8,0x00000000fe980000)
  to   space 29184K, 0% used [0x00000000fb080000,0x00000000fb080000,0x00000000fcd00000)
 ParOldGen       total 208384K, used 70828K [0x00000000a0000000, 0x00000000acb80000, 0x00000000e0000000)
  object space 208384K, 33% used [0x00000000a0000000,0x00000000a452b238,0x00000000acb80000)
 Metaspace       used 104615K, capacity 109892K, committed 110144K, reserved 1144832K
  class space    used 13066K, capacity 14126K, committed 14144K, reserved 1048576K
}
Event: 2733.238 GC heap before
{Heap before GC invocations=33 (full 4):
 PSYoungGen      total 467968K, used 457714K [0x00000000e0000000, 0x00000000fe980000, 0x0000000100000000)
  eden space 442880K, 100% used [0x00000000e0000000,0x00000000fb080000,0x00000000fb080000)
  from space 25088K, 59% used [0x00000000fd100000,0x00000000fdf7cae8,0x00000000fe980000)
  to   space 29184K, 0% used [0x00000000fb080000,0x00000000fb080000,0x00000000fcd00000)
 ParOldGen       total 208384K, used 70828K [0x00000000a0000000, 0x00000000acb80000, 0x00000000e0000000)
  object space 208384K, 33% used [0x00000000a0000000,0x00000000a452b238,0x00000000acb80000)
 Metaspace       used 105973K, capacity 112424K, committed 112576K, reserved 1146880K
  class space    used 13271K, capacity 14492K, committed 14528K, reserved 1048576K
Event: 2733.263 GC heap after
Heap after GC invocations=33 (full 4):
 PSYoungGen      total 472064K, used 15272K [0x00000000e0000000, 0x00000000fe980000, 0x0000000100000000)
  eden space 442880K, 0% used [0x00000000e0000000,0x00000000e0000000,0x00000000fb080000)
  from space 29184K, 52% used [0x00000000fb080000,0x00000000fbf6a080,0x00000000fcd00000)
  to   space 25088K, 0% used [0x00000000fd100000,0x00000000fd100000,0x00000000fe980000)
 ParOldGen       total 208384K, used 70836K [0x00000000a0000000, 0x00000000acb80000, 0x00000000e0000000)
  object space 208384K, 33% used [0x00000000a0000000,0x00000000a452d238,0x00000000acb80000)
 Metaspace       used 105973K, capacity 112424K, committed 112576K, reserved 1146880K
  class space    used 13271K, capacity 14492K, committed 14528K, reserved 1048576K
}

