# JRE version: OpenJDK Runtime Environment (8.0_152-b02) (build 1.8.0_152-release-1024-b02)
# Java VM: OpenJDK 64-Bit Server VM (25.152-b02 mixed mode windows-amd64 compressed oops)
Heap:
 PSYoungGen      total 301056K, used 43785K [0x00000000e0000000, 0x00000000f4300000, 0x0000000100000000)
  eden space 288768K, 11% used [0x00000000e0000000,0x00000000e1f0f928,0x00000000f1a00000)
  from space 12288K, 97% used [0x00000000f3700000,0x00000000f42b2e80,0x00000000f4300000)
  to   space 19968K, 0% used [0x00000000f1c00000,0x00000000f1c00000,0x00000000f2f80000)
 ParOldGen       total 136704K, used 37712K [0x00000000a0000000, 0x00000000a8580000, 0x00000000e0000000)
  object space 136704K, 27% used [0x00000000a0000000,0x00000000a24d4000,0x00000000a8580000)
 Metaspace       used 83253K, capacity 86740K, committed 87040K, reserved 1124352K
  class space    used 10945K, capacity 11667K, committed 11776K, reserved 1048576K
GC Heap History (10 events):
Event: 9.869 GC heap before
{Heap before GC invocations=13 (full 3):
 PSYoungGen      total 196608K, used 15042K [0x00000000e0000000, 0x00000000ef080000, 0x0000000100000000)
  eden space 177152K, 0% used [0x00000000e0000000,0x00000000e0000000,0x00000000ead00000)
  from space 19456K, 77% used [0x00000000ec100000,0x00000000ecfb0a88,0x00000000ed400000)
  to   space 20480K, 0% used [0x00000000ead00000,0x00000000ead00000,0x00000000ec100000)
 ParOldGen       total 100352K, used 27081K [0x00000000a0000000, 0x00000000a6200000, 0x00000000e0000000)
  object space 100352K, 26% used [0x00000000a0000000,0x00000000a1a72578,0x00000000a6200000)
 Metaspace       used 57324K, capacity 58922K, committed 59008K, reserved 1099776K
  class space    used 7847K, capacity 8262K, committed 8320K, reserved 1048576K
Event: 10.090 GC heap after
Heap after GC invocations=13 (full 3):
 PSYoungGen      total 196608K, used 0K [0x00000000e0000000, 0x00000000ef080000, 0x0000000100000000)
  eden space 177152K, 0% used [0x00000000e0000000,0x00000000e0000000,0x00000000ead00000)
  from space 19456K, 0% used [0x00000000ec100000,0x00000000ec100000,0x00000000ed400000)
  to   space 20480K, 0% used [0x00000000ead00000,0x00000000ead00000,0x00000000ec100000)
 ParOldGen       total 136704K, used 28859K [0x00000000a0000000, 0x00000000a8580000, 0x00000000e0000000)
  object space 136704K, 21% used [0x00000000a0000000,0x00000000a1c2ec68,0x00000000a8580000)
 Metaspace       used 57324K, capacity 58922K, committed 59008K, reserved 1099776K
  class space    used 7847K, capacity 8262K, committed 8320K, reserved 1048576K
}
Event: 16.783 GC heap before
{Heap before GC invocations=14 (full 3):
 PSYoungGen      total 196608K, used 177152K [0x00000000e0000000, 0x00000000ef080000, 0x0000000100000000)
  eden space 177152K, 100% used [0x00000000e0000000,0x00000000ead00000,0x00000000ead00000)
  from space 19456K, 0% used [0x00000000ec100000,0x00000000ec100000,0x00000000ed400000)
  to   space 20480K, 0% used [0x00000000ead00000,0x00000000ead00000,0x00000000ec100000)
 ParOldGen       total 136704K, used 28859K [0x00000000a0000000, 0x00000000a8580000, 0x00000000e0000000)
  object space 136704K, 21% used [0x00000000a0000000,0x00000000a1c2ec68,0x00000000a8580000)
 Metaspace       used 66038K, capacity 67808K, committed 67968K, reserved 1107968K
  class space    used 8845K, capacity 9293K, committed 9344K, reserved 1048576K
Event: 16.799 GC heap after
Heap after GC invocations=14 (full 3):
 PSYoungGen      total 197632K, used 12165K [0x00000000e0000000, 0x00000000f0300000, 0x0000000100000000)
  eden space 177152K, 0% used [0x00000000e0000000,0x00000000e0000000,0x00000000ead00000)
  from space 20480K, 59% used [0x00000000ead00000,0x00000000eb8e1678,0x00000000ec100000)
  to   space 19968K, 0% used [0x00000000eef80000,0x00000000eef80000,0x00000000f0300000)
 ParOldGen       total 136704K, used 28867K [0x00000000a0000000, 0x00000000a8580000, 0x00000000e0000000)
  object space 136704K, 21% used [0x00000000a0000000,0x00000000a1c30c68,0x00000000a8580000)
 Metaspace       used 66038K, capacity 67808K, committed 67968K, reserved 1107968K
  class space    used 8845K, capacity 9293K, committed 9344K, reserved 1048576K
}
Event: 16.892 GC heap before
{Heap before GC invocations=15 (full 3):
 PSYoungGen      total 197632K, used 188668K [0x00000000e0000000, 0x00000000f0300000, 0x0000000100000000)
  eden space 177152K, 99% used [0x00000000e0000000,0x00000000eac5d9b0,0x00000000ead00000)
  from space 20480K, 59% used [0x00000000ead00000,0x00000000eb8e1678,0x00000000ec100000)
  to   space 19968K, 0% used [0x00000000eef80000,0x00000000eef80000,0x00000000f0300000)
 ParOldGen       total 136704K, used 28867K [0x00000000a0000000, 0x00000000a8580000, 0x00000000e0000000)
  object space 136704K, 21% used [0x00000000a0000000,0x00000000a1c30c68,0x00000000a8580000)
 Metaspace       used 66295K, capacity 68072K, committed 68224K, reserved 1107968K
  class space    used 8881K, capacity 9335K, committed 9344K, reserved 1048576K
Event: 16.902 GC heap after
Heap after GC invocations=15 (full 3):
 PSYoungGen      total 245248K, used 6949K [0x00000000e0000000, 0x00000000f1180000, 0x0000000100000000)
  eden space 225280K, 0% used [0x00000000e0000000,0x00000000e0000000,0x00000000edc00000)
  from space 19968K, 34% used [0x00000000eef80000,0x00000000ef6496c8,0x00000000f0300000)
  to   space 19968K, 0% used [0x00000000edc00000,0x00000000edc00000,0x00000000eef80000)
 ParOldGen       total 136704K, used 28875K [0x00000000a0000000, 0x00000000a8580000, 0x00000000e0000000)
  object space 136704K, 21% used [0x00000000a0000000,0x00000000a1c32c68,0x00000000a8580000)
 Metaspace       used 66295K, capacity 68072K, committed 68224K, reserved 1107968K
  class space    used 8881K, capacity 9335K, committed 9344K, reserved 1048576K
}
Event: 19.799 GC heap before
{Heap before GC invocations=16 (full 3):
 PSYoungGen      total 245248K, used 232229K [0x00000000e0000000, 0x00000000f1180000, 0x0000000100000000)
  eden space 225280K, 100% used [0x00000000e0000000,0x00000000edc00000,0x00000000edc00000)
  from space 19968K, 34% used [0x00000000eef80000,0x00000000ef6496c8,0x00000000f0300000)
  to   space 19968K, 0% used [0x00000000edc00000,0x00000000edc00000,0x00000000eef80000)
 ParOldGen       total 136704K, used 28875K [0x00000000a0000000, 0x00000000a8580000, 0x00000000e0000000)
  object space 136704K, 21% used [0x00000000a0000000,0x00000000a1c32c68,0x00000000a8580000)
 Metaspace       used 76435K, capacity 79496K, committed 79744K, reserved 1118208K
  class space    used 10229K, capacity 10867K, committed 10880K, reserved 1048576K
Event: 19.825 GC heap after
Heap after GC invocations=16 (full 3):
 PSYoungGen      total 245248K, used 14640K [0x00000000e0000000, 0x00000000f4b00000, 0x0000000100000000)
  eden space 225280K, 0% used [0x00000000e0000000,0x00000000e0000000,0x00000000edc00000)
  from space 19968K, 73% used [0x00000000edc00000,0x00000000eea4c028,0x00000000eef80000)
  to   space 20480K, 0% used [0x00000000f3700000,0x00000000f3700000,0x00000000f4b00000)
 ParOldGen       total 136704K, used 34343K [0x00000000a0000000, 0x00000000a8580000, 0x00000000e0000000)
  object space 136704K, 25% used [0x00000000a0000000,0x00000000a2189f10,0x00000000a8580000)
 Metaspace       used 76435K, capacity 79496K, committed 79744K, reserved 1118208K
  class space    used 10229K, capacity 10867K, committed 10880K, reserved 1048576K
}
Event: 40.152 GC heap before
{Heap before GC invocations=17 (full 3):
 PSYoungGen      total 245248K, used 239920K [0x00000000e0000000, 0x00000000f4b00000, 0x0000000100000000)
  eden space 225280K, 100% used [0x00000000e0000000,0x00000000edc00000,0x00000000edc00000)
  from space 19968K, 73% used [0x00000000edc00000,0x00000000eea4c028,0x00000000eef80000)
  to   space 20480K, 0% used [0x00000000f3700000,0x00000000f3700000,0x00000000f4b00000)
 ParOldGen       total 136704K, used 34343K [0x00000000a0000000, 0x00000000a8580000, 0x00000000e0000000)
  object space 136704K, 25% used [0x00000000a0000000,0x00000000a2189f10,0x00000000a8580000)
 Metaspace       used 83216K, capacity 86676K, committed 87040K, reserved 1124352K
  class space    used 10945K, capacity 11667K, committed 11776K, reserved 1048576K
Event: 40.187 GC heap after
Heap after GC invocations=17 (full 3):
 PSYoungGen      total 301056K, used 11979K [0x00000000e0000000, 0x00000000f4300000, 0x0000000100000000)
  eden space 288768K, 0% used [0x00000000e0000000,0x00000000e0000000,0x00000000f1a00000)
  from space 12288K, 97% used [0x00000000f3700000,0x00000000f42b2e80,0x00000000f4300000)
  to   space 19968K, 0% used [0x00000000f1c00000,0x00000000f1c00000,0x00000000f2f80000)
 ParOldGen       total 136704K, used 37712K [0x00000000a0000000, 0x00000000a8580000, 0x00000000e0000000)
  object space 136704K, 27% used [0x00000000a0000000,0x00000000a24d4000,0x00000000a8580000)
 Metaspace       used 83216K, capacity 86676K, committed 87040K, reserved 1124352K
  class space    used 10945K, capacity 11667K, committed 11776K, reserved 1048576K
}

